[2018-03-21 10:54:32,025] - logger.py] - INFO: 注册失败，手机号17688169411已被注册！
[2018-03-21 10:54:32,464] - logger.py] - INFO: 注册失败，手机号不能为空！
[2018-03-21 10:54:32,761] - logger.py] - INFO: 注册失败，密码不能为空！
[2018-03-21 10:54:32,870] - logger.py] - INFO: 注册失败，手注册类型不能为空！
[2018-03-21 10:54:32,964] - logger.py] - INFO: 注册失败，邮箱不能为空！
[2018-03-21 10:54:33,292] - logger.py] - INFO: 注册失败，用户名不能为空！
[2018-03-21 10:54:33,776] - logger.py] - INFO: 手机号为17688169411的用户，登录成功!
[2018-03-21 10:54:33,886] - logger.py] - INFO: 退出登录成功！
[2018-03-21 10:54:34,105] - logger.py] - INFO: 进入PHP考场成功!
[2018-03-21 10:54:34,433] - logger.py] - INFO: 进入web考场成功!
[2018-03-21 10:54:34,683] - logger.py] - INFO: 进入C++考场成功!
[2018-03-21 10:54:34,792] - logger.py] - INFO: 首页请求成功！
[2018-03-21 10:54:34,901] - logger.py] - INFO: 首页存在C++考场！
[2018-03-21 10:54:34,901] - logger.py] - INFO: 首页存在web考场！
[2018-03-21 10:54:34,901] - logger.py] - INFO: 首页存在PHP考场！
[2018-03-21 10:54:35,105] - logger.py] - INFO: 进入PHP考场成功！
[2018-03-21 10:54:35,684] - logger.py] - INFO: 进入web考场成功！
[2018-03-21 10:54:36,043] - logger.py] - INFO: 进入C++考场成功！
[2018-03-21 10:54:36,621] - logger.py] - INFO: 这是考试资讯，共有21条
[2018-03-21 10:54:36,731] - logger.py] - INFO: 这是课程资讯，共有7条
[2018-03-21 10:54:36,840] - logger.py] - INFO: 所有资讯，共有28条
[2018-03-21 10:54:37,090] - logger.py] - INFO: 用户信息获取成功，当前用户为：liyihang
[2018-03-21 10:57:34,201] - logger.py] - INFO: 注册失败，手机号17688169411已被注册！
[2018-03-21 10:57:34,498] - logger.py] - INFO: 注册失败，手机号不能为空！
[2018-03-21 10:57:34,685] - logger.py] - INFO: 注册失败，密码不能为空！
[2018-03-21 10:57:34,935] - logger.py] - INFO: 注册失败，手注册类型不能为空！
[2018-03-21 10:57:35,123] - logger.py] - INFO: 注册失败，邮箱不能为空！
[2018-03-21 10:57:35,420] - logger.py] - INFO: 注册失败，用户名不能为空！
[2018-03-21 10:57:35,594] - logger.py] - INFO: 手机号为17688169411的用户，登录成功!
[2018-03-21 10:57:35,923] - logger.py] - INFO: 退出登录成功！
[2018-03-21 10:57:36,141] - logger.py] - INFO: 进入PHP考场成功!
[2018-03-21 10:57:36,626] - logger.py] - INFO: 进入web考场成功!
[2018-03-21 10:57:36,907] - logger.py] - INFO: 进入C++考场成功!
[2018-03-21 10:57:37,141] - logger.py] - INFO: 首页请求成功！
[2018-03-21 10:57:37,266] - logger.py] - INFO: 首页存在C++考场！
[2018-03-21 10:57:37,266] - logger.py] - INFO: 首页存在web考场！
[2018-03-21 10:57:37,266] - logger.py] - INFO: 首页存在PHP考场！
[2018-03-21 10:57:37,751] - logger.py] - INFO: 进入PHP考场成功！
[2018-03-21 10:57:38,032] - logger.py] - INFO: 进入web考场成功！
[2018-03-21 10:57:38,235] - logger.py] - INFO: 进入C++考场成功！
[2018-03-21 10:57:38,545] - logger.py] - INFO: 这是考试资讯，共有21条
[2018-03-21 10:57:38,748] - logger.py] - INFO: 这是课程资讯，共有7条
[2018-03-21 10:57:38,857] - logger.py] - INFO: 所有资讯，共有28条
[2018-03-21 10:57:39,107] - logger.py] - INFO: 用户信息获取成功，当前用户为：liyihang
[2018-03-21 10:59:12,783] - logger.py] - INFO: 注册失败，手机号17688169411已被注册！
[2018-03-21 10:59:13,127] - logger.py] - INFO: 注册失败，手机号不能为空！
[2018-03-21 10:59:13,738] - logger.py] - INFO: 注册失败，密码不能为空！
[2018-03-21 10:59:14,082] - logger.py] - INFO: 注册失败，手注册类型不能为空！
[2018-03-21 10:59:14,191] - logger.py] - INFO: 注册失败，邮箱不能为空！
[2018-03-21 10:59:14,347] - logger.py] - INFO: 注册失败，用户名不能为空！
[2018-03-21 10:59:14,574] - logger.py] - INFO: 手机号为17688169411的用户，登录成功!
[2018-03-21 10:59:14,761] - logger.py] - INFO: 退出登录成功！
[2018-03-21 10:59:15,090] - logger.py] - INFO: 进入PHP考场成功!
[2018-03-21 10:59:15,293] - logger.py] - INFO: 进入web考场成功!
[2018-03-21 10:59:15,590] - logger.py] - INFO: 进入C++考场成功!
[2018-03-21 10:59:15,855] - logger.py] - INFO: 首页请求成功！
[2018-03-21 10:59:15,965] - logger.py] - INFO: 首页存在C++考场！
[2018-03-21 10:59:15,965] - logger.py] - INFO: 首页存在web考场！
[2018-03-21 10:59:15,965] - logger.py] - INFO: 首页存在PHP考场！
[2018-03-21 10:59:16,074] - logger.py] - INFO: 进入PHP考场成功！
[2018-03-21 10:59:16,371] - logger.py] - INFO: 进入web考场成功！
[2018-03-21 10:59:16,574] - logger.py] - INFO: 进入C++考场成功！
[2018-03-21 10:59:16,777] - logger.py] - INFO: 这是考试资讯，共有21条
[2018-03-21 10:59:16,902] - logger.py] - INFO: 这是课程资讯，共有7条
[2018-03-21 10:59:17,215] - logger.py] - INFO: 所有资讯，共有28条
[2018-03-21 10:59:17,491] - logger.py] - INFO: 用户信息获取成功，当前用户为：liyihang
[2018-03-21 11:00:03,959] - logger.py] - INFO: 注册失败，手机号17688169411已被注册！
[2018-03-21 11:00:04,267] - logger.py] - INFO: 注册失败，手机号不能为空！
[2018-03-21 11:00:04,526] - logger.py] - INFO: 注册失败，密码不能为空！
[2018-03-21 11:00:04,649] - logger.py] - INFO: 注册失败，手注册类型不能为空！
[2018-03-21 11:00:04,834] - logger.py] - INFO: 注册失败，邮箱不能为空！
[2018-03-21 11:00:05,004] - logger.py] - INFO: 注册失败，用户名不能为空！
[2018-03-21 11:00:05,262] - logger.py] - INFO: 手机号为17688169411的用户，登录成功!
[2018-03-21 11:00:05,543] - logger.py] - INFO: 退出登录成功！
[2018-03-21 11:00:06,337] - logger.py] - INFO: 进入PHP考场成功!
[2018-03-21 11:00:06,461] - logger.py] - INFO: 进入web考场成功!
[2018-03-21 11:00:06,653] - logger.py] - INFO: 进入C++考场成功!
[2018-03-21 11:00:07,049] - logger.py] - INFO: 首页请求成功！
[2018-03-21 11:00:07,260] - logger.py] - INFO: 首页存在C++考场！
[2018-03-21 11:00:07,261] - logger.py] - INFO: 首页存在web考场！
[2018-03-21 11:00:07,262] - logger.py] - INFO: 首页存在PHP考场！
[2018-03-21 11:00:07,379] - logger.py] - INFO: 进入PHP考场成功！
[2018-03-21 11:00:07,607] - logger.py] - INFO: 进入web考场成功！
[2018-03-21 11:00:07,821] - logger.py] - INFO: 进入C++考场成功！
[2018-03-21 11:00:07,956] - logger.py] - INFO: 这是考试资讯，共有21条
[2018-03-21 11:00:08,162] - logger.py] - INFO: 这是课程资讯，共有7条
[2018-03-21 11:00:08,272] - logger.py] - INFO: 所有资讯，共有28条
[2018-03-21 11:00:08,375] - logger.py] - INFO: 用户信息获取成功，当前用户为：liyihang
