[2018-04-08 10:28:38,264] - logger.py] - INFO: 注册失败，手机号17688169411已被注册！
[2018-04-08 10:28:38,477] - logger.py] - INFO: 注册失败，手机号不能为空！
[2018-04-08 10:28:38,738] - logger.py] - INFO: 注册失败，密码不能为空！
[2018-04-08 10:28:39,160] - logger.py] - INFO: 注册失败，手注册类型不能为空！
[2018-04-08 10:28:39,333] - logger.py] - INFO: 注册失败，邮箱不能为空！
[2018-04-08 10:28:39,432] - logger.py] - INFO: 注册失败，用户名不能为空！
[2018-04-08 10:28:39,645] - logger.py] - INFO: 手机号为17688169411的用户，登录成功!
[2018-04-08 10:28:39,837] - logger.py] - INFO: 退出登录成功！
[2018-04-08 10:28:40,098] - logger.py] - INFO: 进入PHP考场成功!
[2018-04-08 10:28:40,451] - logger.py] - INFO: 进入web考场成功!
[2018-04-08 10:28:40,716] - logger.py] - INFO: 进入C++考场成功!
[2018-04-08 10:28:40,888] - logger.py] - INFO: 首页请求成功！
[2018-04-08 10:28:41,006] - logger.py] - INFO: 首页存在C++考场！
[2018-04-08 10:28:41,006] - logger.py] - INFO: 首页存在web考场！
[2018-04-08 10:28:41,007] - logger.py] - INFO: 首页存在PHP考场！
[2018-04-08 10:28:41,189] - logger.py] - INFO: 进入PHP考场成功！
[2018-04-08 10:28:41,294] - logger.py] - INFO: 进入web考场成功！
[2018-04-08 10:28:41,463] - logger.py] - INFO: 进入C++考场成功！
[2018-04-08 10:28:41,806] - logger.py] - INFO: 这是考试资讯，共有21条
[2018-04-08 10:28:41,980] - logger.py] - INFO: 这是课程资讯，共有7条
[2018-04-08 10:28:42,241] - logger.py] - INFO: 所有资讯，共有28条
[2018-04-08 10:28:42,416] - logger.py] - INFO: 用户信息获取成功，当前用户为：liyihang
