[2018-03-27 13:47:56,107] - logger.py] - INFO: 注册失败，手机号17688169411已被注册！
[2018-03-27 13:47:56,279] - logger.py] - INFO: 注册失败，手机号不能为空！
[2018-03-27 13:47:56,513] - logger.py] - INFO: 注册失败，密码不能为空！
[2018-03-27 13:47:56,810] - logger.py] - INFO: 注册失败，手注册类型不能为空！
[2018-03-27 13:47:57,061] - logger.py] - INFO: 注册失败，邮箱不能为空！
[2018-03-27 13:47:57,139] - logger.py] - INFO: 注册失败，用户名不能为空！
[2018-03-27 13:47:57,530] - logger.py] - INFO: 手机号为17688169411的用户，登录成功!
[2018-03-27 13:47:57,749] - logger.py] - INFO: 退出登录成功！
[2018-03-27 13:47:58,061] - logger.py] - INFO: 进入PHP考场成功!
[2018-03-27 13:47:58,178] - logger.py] - INFO: 进入web考场成功!
[2018-03-27 13:47:58,415] - logger.py] - INFO: 进入C++考场成功!
[2018-03-27 13:47:58,696] - logger.py] - INFO: 首页请求成功！
[2018-03-27 13:47:58,915] - logger.py] - INFO: 首页存在C++考场！
[2018-03-27 13:47:58,915] - logger.py] - INFO: 首页存在web考场！
[2018-03-27 13:47:58,915] - logger.py] - INFO: 首页存在PHP考场！
[2018-03-27 13:47:59,024] - logger.py] - INFO: 进入PHP考场成功！
[2018-03-27 13:47:59,353] - logger.py] - INFO: 进入web考场成功！
[2018-03-27 13:48:00,009] - logger.py] - INFO: 进入C++考场成功！
[2018-03-27 13:48:00,493] - logger.py] - INFO: 这是考试资讯，共有21条
[2018-03-27 13:48:00,603] - logger.py] - INFO: 这是课程资讯，共有7条
[2018-03-27 13:48:00,712] - logger.py] - INFO: 所有资讯，共有28条
[2018-03-27 13:48:00,900] - logger.py] - INFO: 用户信息获取成功，当前用户为：liyihang
[2018-03-27 13:49:27,205] - logger.py] - INFO: 注册失败，手机号17688169411已被注册！
[2018-03-27 13:49:27,330] - logger.py] - INFO: 注册失败，手机号不能为空！
[2018-03-27 13:49:27,580] - logger.py] - INFO: 注册失败，密码不能为空！
[2018-03-27 13:49:27,689] - logger.py] - INFO: 注册失败，手注册类型不能为空！
[2018-03-27 13:49:27,830] - logger.py] - INFO: 注册失败，邮箱不能为空！
[2018-03-27 13:49:28,096] - logger.py] - INFO: 注册失败，用户名不能为空！
[2018-03-27 13:49:28,337] - logger.py] - INFO: 手机号为17688169411的用户，登录成功!
[2018-03-27 13:49:28,853] - logger.py] - INFO: 退出登录成功！
[2018-03-27 13:49:29,176] - logger.py] - INFO: 进入PHP考场成功!
[2018-03-27 13:49:29,442] - logger.py] - INFO: 进入web考场成功!
[2018-03-27 13:49:29,535] - logger.py] - INFO: 进入C++考场成功!
[2018-03-27 13:49:29,645] - logger.py] - INFO: 首页请求成功！
[2018-03-27 13:49:29,957] - logger.py] - INFO: 首页存在C++考场！
[2018-03-27 13:49:29,957] - logger.py] - INFO: 首页存在web考场！
[2018-03-27 13:49:29,957] - logger.py] - INFO: 首页存在PHP考场！
[2018-03-27 13:49:30,332] - logger.py] - INFO: 进入PHP考场成功！
[2018-03-27 13:49:30,551] - logger.py] - INFO: 进入web考场成功！
[2018-03-27 13:49:30,739] - logger.py] - INFO: 进入C++考场成功！
[2018-03-27 13:49:30,942] - logger.py] - INFO: 这是考试资讯，共有21条
[2018-03-27 13:49:31,176] - logger.py] - INFO: 这是课程资讯，共有7条
[2018-03-27 13:49:31,286] - logger.py] - INFO: 所有资讯，共有28条
[2018-03-27 13:49:31,379] - logger.py] - INFO: 用户信息获取成功，当前用户为：liyihang
[2018-03-27 13:53:23,805] - logger.py] - INFO: 注册失败，手机号17688169411已被注册！
[2018-03-27 13:53:24,114] - logger.py] - INFO: 注册失败，手机号不能为空！
[2018-03-27 13:53:24,356] - logger.py] - INFO: 注册失败，密码不能为空！
[2018-03-27 13:53:24,733] - logger.py] - INFO: 注册失败，手注册类型不能为空！
[2018-03-27 13:53:24,954] - logger.py] - INFO: 注册失败，邮箱不能为空！
[2018-03-27 13:53:25,048] - logger.py] - INFO: 注册失败，用户名不能为空！
[2018-03-27 13:53:25,169] - logger.py] - INFO: 手机号为17688169411的用户，登录成功!
[2018-03-27 13:53:25,358] - logger.py] - INFO: 退出登录成功！
[2018-03-27 13:53:25,495] - logger.py] - INFO: 进入PHP考场成功!
[2018-03-27 13:53:25,686] - logger.py] - INFO: 进入web考场成功!
[2018-03-27 13:53:25,897] - logger.py] - INFO: 进入C++考场成功!
[2018-03-27 13:53:26,305] - logger.py] - INFO: 首页请求成功！
[2018-03-27 13:53:26,453] - logger.py] - INFO: 首页存在C++考场！
[2018-03-27 13:53:26,454] - logger.py] - INFO: 首页存在web考场！
[2018-03-27 13:53:26,455] - logger.py] - INFO: 首页存在PHP考场！
[2018-03-27 13:53:26,665] - logger.py] - INFO: 进入PHP考场成功！
[2018-03-27 13:53:26,889] - logger.py] - INFO: 进入web考场成功！
[2018-03-27 13:53:27,013] - logger.py] - INFO: 进入C++考场成功！
[2018-03-27 13:53:27,119] - logger.py] - INFO: 这是考试资讯，共有21条
[2018-03-27 13:53:27,306] - logger.py] - INFO: 这是课程资讯，共有7条
[2018-03-27 13:53:27,709] - logger.py] - INFO: 所有资讯，共有28条
[2018-03-27 13:53:28,004] - logger.py] - INFO: 用户信息获取成功，当前用户为：liyihang
[2018-03-27 14:07:13,054] - logger.py] - INFO: 注册失败，手机号17688169411已被注册！
[2018-03-27 14:07:13,304] - logger.py] - INFO: 注册失败，手机号不能为空！
[2018-03-27 14:07:13,460] - logger.py] - INFO: 注册失败，密码不能为空！
[2018-03-27 14:07:13,757] - logger.py] - INFO: 注册失败，手注册类型不能为空！
[2018-03-27 14:07:13,992] - logger.py] - INFO: 注册失败，邮箱不能为空！
[2018-03-27 14:07:14,262] - logger.py] - INFO: 注册失败，用户名不能为空！
[2018-03-27 14:07:14,747] - logger.py] - INFO: 手机号为17688169411的用户，登录成功!
[2018-03-27 14:07:14,934] - logger.py] - INFO: 退出登录成功！
[2018-03-27 14:07:15,090] - logger.py] - INFO: 进入PHP考场成功!
[2018-03-27 14:07:15,293] - logger.py] - INFO: 进入web考场成功!
[2018-03-27 14:07:15,559] - logger.py] - INFO: 进入C++考场成功!
[2018-03-27 14:07:15,950] - logger.py] - INFO: 首页请求成功！
[2018-03-27 14:07:16,419] - logger.py] - INFO: 首页存在C++考场！
[2018-03-27 14:07:16,419] - logger.py] - INFO: 首页存在web考场！
[2018-03-27 14:07:16,419] - logger.py] - INFO: 首页存在PHP考场！
[2018-03-27 14:07:16,544] - logger.py] - INFO: 进入PHP考场成功！
[2018-03-27 14:07:16,669] - logger.py] - INFO: 进入web考场成功！
[2018-03-27 14:07:17,106] - logger.py] - INFO: 进入C++考场成功！
[2018-03-27 14:07:17,388] - logger.py] - INFO: 这是考试资讯，共有21条
[2018-03-27 14:07:17,528] - logger.py] - INFO: 这是课程资讯，共有7条
[2018-03-27 14:07:17,794] - logger.py] - INFO: 所有资讯，共有28条
[2018-03-27 14:07:17,997] - logger.py] - INFO: 用户信息获取成功，当前用户为：liyihang
