[2018-03-29 17:11:28,258] - logger.py] - INFO: 注册失败，手机号17688169411已被注册！
[2018-03-29 17:11:28,678] - logger.py] - INFO: 注册失败，手机号不能为空！
[2018-03-29 17:11:28,788] - logger.py] - INFO: 注册失败，密码不能为空！
[2018-03-29 17:11:29,248] - logger.py] - INFO: 注册失败，手注册类型不能为空！
[2018-03-29 17:11:29,468] - logger.py] - INFO: 注册失败，邮箱不能为空！
[2018-03-29 17:11:29,818] - logger.py] - INFO: 注册失败，用户名不能为空！
[2018-03-29 17:11:30,397] - logger.py] - INFO: 手机号为17688169411的用户，登录成功!
[2018-03-29 17:11:30,781] - logger.py] - INFO: 退出登录成功！
[2018-03-29 17:11:31,352] - logger.py] - INFO: 进入PHP考场成功!
[2018-03-29 17:11:31,752] - logger.py] - INFO: 进入web考场成功!
[2018-03-29 17:11:31,862] - logger.py] - INFO: 进入C++考场成功!
[2018-03-29 17:11:32,132] - logger.py] - INFO: 首页请求成功！
[2018-03-29 17:11:32,712] - logger.py] - INFO: 首页存在C++考场！
[2018-03-29 17:11:32,712] - logger.py] - INFO: 首页存在web考场！
[2018-03-29 17:11:32,712] - logger.py] - INFO: 首页存在PHP考场！
[2018-03-29 17:11:32,923] - logger.py] - INFO: 进入PHP考场成功！
[2018-03-29 17:11:33,463] - logger.py] - INFO: 进入web考场成功！
[2018-03-29 17:11:33,863] - logger.py] - INFO: 进入C++考场成功！
[2018-03-29 17:11:34,421] - logger.py] - INFO: 这是考试资讯，共有21条
[2018-03-29 17:11:34,837] - logger.py] - INFO: 这是课程资讯，共有7条
[2018-03-29 17:11:34,947] - logger.py] - INFO: 所有资讯，共有28条
[2018-03-29 17:11:35,047] - logger.py] - INFO: 用户信息获取成功，当前用户为：liyihang
