[2018-03-15 09:50:25,267] - logger.py] - INFO: 首页请求成功！
[2018-03-15 09:50:25,616] - logger.py] - INFO: 首页存在C++考场！
[2018-03-15 09:50:25,616] - logger.py] - INFO: 首页存在web考场！
[2018-03-15 09:50:25,616] - logger.py] - INFO: 首页存在PHP考场！
[2018-03-15 09:50:36,373] - logger.py] - INFO: 首页请求成功！
[2018-03-15 09:50:36,485] - logger.py] - INFO: 首页存在C++考场！
[2018-03-15 09:50:36,489] - logger.py] - INFO: 首页存在web考场！
[2018-03-15 09:50:36,489] - logger.py] - INFO: 首页存在PHP考场！
[2018-03-15 09:51:51,414] - logger.py] - INFO: 注册失败，手机号17688169411已被注册！
[2018-03-15 09:51:51,667] - logger.py] - INFO: 注册失败，手机号不能为空！
[2018-03-15 09:51:51,867] - logger.py] - INFO: 注册失败，密码不能为空！
[2018-03-15 09:51:51,979] - logger.py] - INFO: 注册失败，手注册类型不能为空！
[2018-03-15 09:51:52,215] - logger.py] - INFO: 注册失败，邮箱不能为空！
[2018-03-15 09:51:52,384] - logger.py] - INFO: 注册失败，用户名不能为空！
[2018-03-15 09:51:52,740] - logger.py] - INFO: 手机号为17688169411的用户，登录成功!
[2018-03-15 09:51:52,876] - logger.py] - INFO: 退出登录成功！
[2018-03-15 09:51:53,101] - logger.py] - INFO: 进入PHP考场成功!
[2018-03-15 09:51:53,357] - logger.py] - INFO: 进入web考场成功!
[2018-03-15 09:51:53,541] - logger.py] - INFO: 进入C++考场成功!
[2018-03-15 09:51:53,653] - logger.py] - INFO: 首页请求成功！
[2018-03-15 09:51:53,766] - logger.py] - INFO: 首页存在C++考场！
[2018-03-15 09:51:53,767] - logger.py] - INFO: 首页存在web考场！
[2018-03-15 09:51:53,768] - logger.py] - INFO: 首页存在PHP考场！
[2018-03-15 09:51:54,026] - logger.py] - INFO: 进入PHP考场成功！
[2018-03-15 09:51:54,183] - logger.py] - INFO: 进入web考场成功！
[2018-03-15 09:51:54,427] - logger.py] - INFO: 进入C++考场成功！
[2018-03-15 11:16:58,064] - logger.py] - INFO: 注册失败，手机号17688169411已被注册！
[2018-03-15 11:16:58,183] - logger.py] - INFO: 注册失败，手机号不能为空！
[2018-03-15 11:16:58,292] - logger.py] - INFO: 注册失败，密码不能为空！
[2018-03-15 11:16:58,547] - logger.py] - INFO: 注册失败，手注册类型不能为空！
[2018-03-15 11:16:58,740] - logger.py] - INFO: 注册失败，邮箱不能为空！
[2018-03-15 11:16:58,911] - logger.py] - INFO: 注册失败，用户名不能为空！
[2018-03-15 11:16:59,137] - logger.py] - INFO: 手机号为17688169411的用户，登录成功!
[2018-03-15 11:16:59,462] - logger.py] - INFO: 退出登录成功！
[2018-03-15 11:16:59,616] - logger.py] - INFO: 进入PHP考场成功!
[2018-03-15 11:16:59,803] - logger.py] - INFO: 进入web考场成功!
[2018-03-15 11:16:59,905] - logger.py] - INFO: 进入C++考场成功!
[2018-03-15 11:17:00,017] - logger.py] - INFO: 首页请求成功！
[2018-03-15 11:17:00,308] - logger.py] - INFO: 首页存在C++考场！
[2018-03-15 11:17:00,309] - logger.py] - INFO: 首页存在web考场！
[2018-03-15 11:17:00,309] - logger.py] - INFO: 首页存在PHP考场！
[2018-03-15 11:17:00,518] - logger.py] - INFO: 进入PHP考场成功！
[2018-03-15 11:17:00,811] - logger.py] - INFO: 进入web考场成功！
[2018-03-15 11:17:01,082] - logger.py] - INFO: 进入C++考场成功！
[2018-03-15 11:20:59,746] - logger.py] - INFO: 注册失败，手机号17688169411已被注册！
[2018-03-15 11:21:00,145] - logger.py] - INFO: 注册失败，手机号不能为空！
[2018-03-15 11:21:00,547] - logger.py] - INFO: 注册失败，密码不能为空！
[2018-03-15 11:21:00,654] - logger.py] - INFO: 注册失败，手注册类型不能为空！
[2018-03-15 11:21:00,763] - logger.py] - INFO: 注册失败，邮箱不能为空！
[2018-03-15 11:21:01,158] - logger.py] - INFO: 注册失败，用户名不能为空！
[2018-03-15 11:21:01,611] - logger.py] - INFO: 手机号为17688169411的用户，登录成功!
[2018-03-15 11:21:01,832] - logger.py] - INFO: 退出登录成功！
[2018-03-15 11:21:02,032] - logger.py] - INFO: 进入PHP考场成功!
[2018-03-15 11:21:02,137] - logger.py] - INFO: 进入web考场成功!
[2018-03-15 11:21:02,305] - logger.py] - INFO: 进入C++考场成功!
[2018-03-15 11:21:02,565] - logger.py] - INFO: 首页请求成功！
[2018-03-15 11:21:02,806] - logger.py] - INFO: 首页存在C++考场！
[2018-03-15 11:21:02,807] - logger.py] - INFO: 首页存在web考场！
[2018-03-15 11:21:02,807] - logger.py] - INFO: 首页存在PHP考场！
[2018-03-15 11:21:03,143] - logger.py] - INFO: 进入PHP考场成功！
[2018-03-15 11:21:03,318] - logger.py] - INFO: 进入web考场成功！
[2018-03-15 11:21:03,502] - logger.py] - INFO: 进入C++考场成功！
[2018-03-15 11:22:22,434] - logger.py] - INFO: 注册失败，手机号17688169411已被注册！
[2018-03-15 11:22:22,528] - logger.py] - INFO: 注册失败，手机号不能为空！
[2018-03-15 11:22:22,700] - logger.py] - INFO: 注册失败，密码不能为空！
[2018-03-15 11:22:22,950] - logger.py] - INFO: 注册失败，手注册类型不能为空！
[2018-03-15 11:22:23,107] - logger.py] - INFO: 注册失败，邮箱不能为空！
[2018-03-15 11:22:23,263] - logger.py] - INFO: 注册失败，用户名不能为空！
[2018-03-15 11:22:23,560] - logger.py] - INFO: 手机号为17688169411的用户，登录成功!
[2018-03-15 11:22:23,857] - logger.py] - INFO: 退出登录成功！
[2018-03-15 11:22:23,966] - logger.py] - INFO: 进入PHP考场成功!
[2018-03-15 11:22:24,075] - logger.py] - INFO: 进入web考场成功!
[2018-03-15 11:22:24,325] - logger.py] - INFO: 进入C++考场成功!
[2018-03-15 11:22:24,497] - logger.py] - INFO: 首页请求成功！
[2018-03-15 11:22:24,747] - logger.py] - INFO: 首页存在C++考场！
[2018-03-15 11:22:24,747] - logger.py] - INFO: 首页存在web考场！
[2018-03-15 11:22:24,747] - logger.py] - INFO: 首页存在PHP考场！
[2018-03-15 11:22:24,904] - logger.py] - INFO: 进入PHP考场成功！
[2018-03-15 11:22:25,263] - logger.py] - INFO: 进入web考场成功！
[2018-03-15 11:22:25,357] - logger.py] - INFO: 进入C++考场成功！
[2018-03-15 11:28:06,864] - logger.py] - INFO: 注册失败，手机号17688169411已被注册！
[2018-03-15 11:28:07,239] - logger.py] - INFO: 注册失败，手机号不能为空！
[2018-03-15 11:28:07,458] - logger.py] - INFO: 注册失败，密码不能为空！
[2018-03-15 11:28:07,614] - logger.py] - INFO: 注册失败，手注册类型不能为空！
[2018-03-15 11:28:07,771] - logger.py] - INFO: 注册失败，邮箱不能为空！
[2018-03-15 11:28:08,005] - logger.py] - INFO: 注册失败，用户名不能为空！
[2018-03-15 11:28:08,114] - logger.py] - INFO: 手机号为17688169411的用户，登录成功!
[2018-03-15 11:28:08,224] - logger.py] - INFO: 退出登录成功！
[2018-03-15 11:28:08,458] - logger.py] - INFO: 进入PHP考场成功!
[2018-03-15 11:28:08,818] - logger.py] - INFO: 进入web考场成功!
[2018-03-15 11:28:09,146] - logger.py] - INFO: 进入C++考场成功!
[2018-03-15 11:28:09,388] - logger.py] - INFO: 首页请求成功！
[2018-03-15 11:28:09,498] - logger.py] - INFO: 首页存在C++考场！
[2018-03-15 11:28:09,498] - logger.py] - INFO: 首页存在web考场！
[2018-03-15 11:28:09,498] - logger.py] - INFO: 首页存在PHP考场！
[2018-03-15 11:28:09,607] - logger.py] - INFO: 进入PHP考场成功！
[2018-03-15 11:28:09,826] - logger.py] - INFO: 进入web考场成功！
[2018-03-15 11:28:10,209] - logger.py] - INFO: 进入C++考场成功！
[2018-03-15 11:29:40,826] - logger.py] - INFO: 注册失败，手机号17688169411已被注册！
[2018-03-15 11:29:41,357] - logger.py] - INFO: 注册失败，手机号不能为空！
[2018-03-15 11:29:41,603] - logger.py] - INFO: 注册失败，密码不能为空！
[2018-03-15 11:29:41,713] - logger.py] - INFO: 注册失败，手注册类型不能为空！
[2018-03-15 11:29:41,822] - logger.py] - INFO: 注册失败，邮箱不能为空！
[2018-03-15 11:29:42,119] - logger.py] - INFO: 注册失败，用户名不能为空！
[2018-03-15 11:29:42,385] - logger.py] - INFO: 手机号为17688169411的用户，登录成功!
[2018-03-15 11:29:42,676] - logger.py] - INFO: 退出登录成功！
[2018-03-15 11:29:42,926] - logger.py] - INFO: 进入PHP考场成功!
[2018-03-15 11:29:43,161] - logger.py] - INFO: 进入web考场成功!
[2018-03-15 11:29:43,317] - logger.py] - INFO: 进入C++考场成功!
[2018-03-15 11:29:43,614] - logger.py] - INFO: 首页请求成功！
[2018-03-15 11:29:43,723] - logger.py] - INFO: 首页存在C++考场！
[2018-03-15 11:29:43,723] - logger.py] - INFO: 首页存在web考场！
[2018-03-15 11:29:43,723] - logger.py] - INFO: 首页存在PHP考场！
[2018-03-15 11:29:44,129] - logger.py] - INFO: 进入PHP考场成功！
[2018-03-15 11:29:44,426] - logger.py] - INFO: 进入web考场成功！
[2018-03-15 11:29:44,770] - logger.py] - INFO: 进入C++考场成功！
[2018-03-15 11:32:18,111] - logger.py] - INFO: 首页请求成功！
[2018-03-15 11:32:18,311] - logger.py] - INFO: 首页存在C++考场！
[2018-03-15 11:32:18,312] - logger.py] - INFO: 首页存在web考场！
[2018-03-15 11:32:18,313] - logger.py] - INFO: 首页存在PHP考场！
[2018-03-15 16:51:30,973] - logger.py] - INFO: 注册失败，手机号17688169411已被注册！
[2018-03-15 16:51:31,084] - logger.py] - INFO: 注册失败，手机号不能为空！
[2018-03-15 16:51:31,247] - logger.py] - INFO: 注册失败，密码不能为空！
[2018-03-15 16:51:31,523] - logger.py] - INFO: 注册失败，手注册类型不能为空！
[2018-03-15 16:51:31,772] - logger.py] - INFO: 注册失败，邮箱不能为空！
[2018-03-15 16:51:31,960] - logger.py] - INFO: 注册失败，用户名不能为空！
[2018-03-15 16:51:32,243] - logger.py] - INFO: 手机号为17688169411的用户，登录成功!
[2018-03-15 16:51:32,425] - logger.py] - INFO: 退出登录成功！
[2018-03-15 16:51:32,570] - logger.py] - INFO: 进入PHP考场成功!
[2018-03-15 16:51:32,674] - logger.py] - INFO: 进入web考场成功!
[2018-03-15 16:51:32,840] - logger.py] - INFO: 进入C++考场成功!
[2018-03-15 16:51:33,120] - logger.py] - INFO: 首页请求成功！
[2018-03-15 16:51:33,347] - logger.py] - INFO: 首页存在C++考场！
[2018-03-15 16:51:33,348] - logger.py] - INFO: 首页存在web考场！
[2018-03-15 16:51:33,349] - logger.py] - INFO: 首页存在PHP考场！
[2018-03-15 16:51:33,516] - logger.py] - INFO: 进入PHP考场成功！
[2018-03-15 16:51:33,773] - logger.py] - INFO: 进入web考场成功！
[2018-03-15 16:51:34,023] - logger.py] - INFO: 进入C++考场成功！
[2018-03-15 17:15:14,274] - logger.py] - INFO: 这是考试资讯，共有21条
[2018-03-15 17:16:40,078] - logger.py] - INFO: 这是课程资讯，共有7条
[2018-03-15 17:18:16,379] - logger.py] - INFO: 所有资讯，共有28条
[2018-03-15 17:19:05,441] - logger.py] - INFO: 这是课程资讯，共有7条
[2018-03-15 17:19:21,689] - logger.py] - INFO: 注册失败，手机号17688169411已被注册！
[2018-03-15 17:19:21,798] - logger.py] - INFO: 注册失败，手机号不能为空！
[2018-03-15 17:19:21,939] - logger.py] - INFO: 注册失败，密码不能为空！
[2018-03-15 17:19:22,220] - logger.py] - INFO: 注册失败，手注册类型不能为空！
[2018-03-15 17:19:22,455] - logger.py] - INFO: 注册失败，邮箱不能为空！
[2018-03-15 17:19:22,720] - logger.py] - INFO: 注册失败，用户名不能为空！
[2018-03-15 17:19:22,970] - logger.py] - INFO: 手机号为17688169411的用户，登录成功!
[2018-03-15 17:19:23,064] - logger.py] - INFO: 退出登录成功！
[2018-03-15 17:19:23,174] - logger.py] - INFO: 进入PHP考场成功!
[2018-03-15 17:19:23,392] - logger.py] - INFO: 进入web考场成功!
[2018-03-15 17:19:23,736] - logger.py] - INFO: 进入C++考场成功!
[2018-03-15 17:19:24,113] - logger.py] - INFO: 首页请求成功！
[2018-03-15 17:19:24,300] - logger.py] - INFO: 首页存在C++考场！
[2018-03-15 17:19:24,300] - logger.py] - INFO: 首页存在web考场！
[2018-03-15 17:19:24,300] - logger.py] - INFO: 首页存在PHP考场！
[2018-03-15 17:19:24,410] - logger.py] - INFO: 进入PHP考场成功！
[2018-03-15 17:19:24,769] - logger.py] - INFO: 进入web考场成功！
[2018-03-15 17:19:25,144] - logger.py] - INFO: 进入C++考场成功！
[2018-03-15 17:19:25,441] - logger.py] - INFO: 这是考试资讯，共有21条
[2018-03-15 17:19:25,613] - logger.py] - INFO: 这是课程资讯，共有7条
[2018-03-15 17:19:25,722] - logger.py] - INFO: 所有资讯，共有28条
[2018-03-15 17:20:25,110] - logger.py] - INFO: 注册失败，手机号17688169411已被注册！
[2018-03-15 17:20:25,305] - logger.py] - INFO: 注册失败，手机号不能为空！
[2018-03-15 17:20:25,604] - logger.py] - INFO: 注册失败，密码不能为空！
[2018-03-15 17:20:25,828] - logger.py] - INFO: 注册失败，手注册类型不能为空！
[2018-03-15 17:20:26,190] - logger.py] - INFO: 注册失败，邮箱不能为空！
[2018-03-15 17:20:26,288] - logger.py] - INFO: 注册失败，用户名不能为空！
[2018-03-15 17:20:26,405] - logger.py] - INFO: 手机号为17688169411的用户，登录成功!
[2018-03-15 17:20:26,595] - logger.py] - INFO: 退出登录成功！
[2018-03-15 17:20:26,762] - logger.py] - INFO: 进入PHP考场成功!
[2018-03-15 17:20:27,064] - logger.py] - INFO: 进入web考场成功!
[2018-03-15 17:20:27,271] - logger.py] - INFO: 进入C++考场成功!
[2018-03-15 17:20:27,441] - logger.py] - INFO: 首页请求成功！
[2018-03-15 17:20:27,552] - logger.py] - INFO: 首页存在C++考场！
[2018-03-15 17:20:27,553] - logger.py] - INFO: 首页存在web考场！
[2018-03-15 17:20:27,553] - logger.py] - INFO: 首页存在PHP考场！
[2018-03-15 17:20:27,659] - logger.py] - INFO: 进入PHP考场成功！
[2018-03-15 17:20:27,860] - logger.py] - INFO: 进入web考场成功！
[2018-03-15 17:20:28,085] - logger.py] - INFO: 进入C++考场成功！
[2018-03-15 17:20:28,305] - logger.py] - INFO: 这是考试资讯，共有21条
[2018-03-15 17:20:28,478] - logger.py] - INFO: 这是课程资讯，共有7条
[2018-03-15 17:20:28,636] - logger.py] - INFO: 所有资讯，共有28条
[2018-03-15 17:43:39,470] - logger.py] - INFO: 这是考试资讯，共有21条
[2018-03-15 17:44:09,002] - logger.py] - INFO: 这是考试资讯，共有21条
[2018-03-15 17:44:09,080] - logger.py] - INFO: 这是课程资讯，共有7条
[2018-03-15 17:44:09,147] - logger.py] - INFO: 所有资讯，共有28条
[2018-03-15 17:44:33,941] - logger.py] - INFO: 注册失败，手机号17688169411已被注册！
[2018-03-15 17:44:34,016] - logger.py] - INFO: 注册失败，手机号不能为空！
[2018-03-15 17:44:34,090] - logger.py] - INFO: 注册失败，密码不能为空！
[2018-03-15 17:44:34,163] - logger.py] - INFO: 注册失败，手注册类型不能为空！
[2018-03-15 17:44:34,239] - logger.py] - INFO: 注册失败，邮箱不能为空！
[2018-03-15 17:44:34,306] - logger.py] - INFO: 注册失败，用户名不能为空！
[2018-03-15 17:44:34,395] - logger.py] - INFO: 手机号为17688169411的用户，登录成功!
[2018-03-15 17:44:34,459] - logger.py] - INFO: 退出登录成功！
[2018-03-15 17:44:34,530] - logger.py] - INFO: 进入PHP考场成功!
[2018-03-15 17:44:34,603] - logger.py] - INFO: 进入web考场成功!
[2018-03-15 17:44:34,663] - logger.py] - INFO: 进入C++考场成功!
[2018-03-15 17:44:34,755] - logger.py] - INFO: 首页请求成功！
[2018-03-15 17:44:34,835] - logger.py] - INFO: 首页存在C++考场！
[2018-03-15 17:44:34,836] - logger.py] - INFO: 首页存在web考场！
[2018-03-15 17:44:34,836] - logger.py] - INFO: 首页存在PHP考场！
[2018-03-15 17:44:34,909] - logger.py] - INFO: 进入PHP考场成功！
[2018-03-15 17:44:34,983] - logger.py] - INFO: 进入web考场成功！
[2018-03-15 17:44:35,056] - logger.py] - INFO: 进入C++考场成功！
[2018-03-15 17:44:35,129] - logger.py] - INFO: 这是考试资讯，共有21条
[2018-03-15 17:44:35,203] - logger.py] - INFO: 这是课程资讯，共有7条
[2018-03-15 17:44:35,299] - logger.py] - INFO: 所有资讯，共有28条
[2018-03-15 17:45:59,712] - logger.py] - INFO: 注册失败，手机号17688169411已被注册！
[2018-03-15 17:45:59,792] - logger.py] - INFO: 注册失败，手机号不能为空！
[2018-03-15 17:45:59,866] - logger.py] - INFO: 注册失败，密码不能为空！
[2018-03-15 17:45:59,941] - logger.py] - INFO: 注册失败，手注册类型不能为空！
[2018-03-15 17:46:00,019] - logger.py] - INFO: 注册失败，邮箱不能为空！
[2018-03-15 17:46:00,082] - logger.py] - INFO: 注册失败，用户名不能为空！
[2018-03-15 17:46:00,163] - logger.py] - INFO: 手机号为17688169411的用户，登录成功!
[2018-03-15 17:46:00,232] - logger.py] - INFO: 退出登录成功！
[2018-03-15 17:46:00,303] - logger.py] - INFO: 进入PHP考场成功!
[2018-03-15 17:46:00,374] - logger.py] - INFO: 进入web考场成功!
[2018-03-15 17:46:00,444] - logger.py] - INFO: 进入C++考场成功!
[2018-03-15 17:46:00,520] - logger.py] - INFO: 首页请求成功！
[2018-03-15 17:46:00,598] - logger.py] - INFO: 首页存在C++考场！
[2018-03-15 17:46:00,599] - logger.py] - INFO: 首页存在web考场！
[2018-03-15 17:46:00,599] - logger.py] - INFO: 首页存在PHP考场！
[2018-03-15 17:46:00,663] - logger.py] - INFO: 进入PHP考场成功！
[2018-03-15 17:46:00,739] - logger.py] - INFO: 进入web考场成功！
[2018-03-15 17:46:00,814] - logger.py] - INFO: 进入C++考场成功！
[2018-03-15 17:46:00,889] - logger.py] - INFO: 这是考试资讯，共有21条
[2018-03-15 17:46:00,962] - logger.py] - INFO: 这是课程资讯，共有7条
[2018-03-15 17:46:01,034] - logger.py] - INFO: 所有资讯，共有28条
