[2018-04-12 17:42:36,590] - logger.py] - INFO: 注册失败，手机号17688169411已被注册！
[2018-04-12 17:42:36,768] - logger.py] - INFO: 注册失败，手机号不能为空！
[2018-04-12 17:42:36,882] - logger.py] - INFO: 注册失败，密码不能为空！
[2018-04-12 17:42:37,143] - logger.py] - INFO: 注册失败，手注册类型不能为空！
[2018-04-12 17:42:37,658] - logger.py] - INFO: 注册失败，邮箱不能为空！
[2018-04-12 17:42:37,856] - logger.py] - INFO: 注册失败，用户名不能为空！
[2018-04-12 17:42:38,493] - logger.py] - INFO: 进入PHP考场成功!
[2018-04-12 17:42:38,741] - logger.py] - INFO: 进入web考场成功!
[2018-04-12 17:42:39,029] - logger.py] - INFO: 进入C++考场成功!
[2018-04-12 17:42:39,335] - logger.py] - INFO: 首页请求成功！
[2018-04-12 17:42:39,771] - logger.py] - INFO: 首页存在C++考场！
[2018-04-12 17:42:39,772] - logger.py] - INFO: 首页存在web考场！
[2018-04-12 17:42:39,773] - logger.py] - INFO: 首页存在PHP考场！
[2018-04-12 17:42:39,992] - logger.py] - INFO: 进入PHP考场成功！
[2018-04-12 17:42:40,088] - logger.py] - INFO: 进入web考场成功！
[2018-04-12 17:42:40,512] - logger.py] - INFO: 进入C++考场成功！
[2018-04-12 17:42:41,019] - logger.py] - INFO: 这是考试资讯，共有21条
[2018-04-12 17:42:41,378] - logger.py] - INFO: 这是课程资讯，共有7条
[2018-04-12 17:42:41,675] - logger.py] - INFO: 所有资讯，共有28条
[2018-04-12 17:42:41,772] - logger.py] - INFO: 用户信息获取成功，当前用户为：liyihang
